BOF /home/andrey
итого 306M
drwxr-xr-x 59 andrey andrey   32K 2022-10-16 17:41:03.670216384 +0300 .
drwxr-xr-x  4 root   root    4,0K 2021-07-24 11:02:33.776569296 +0300 ..
-rw-rw-r--  1 andrey andrey   28K 2022-09-23 19:27:12.493718240 +0300 01.jpg
-rw-rw-r--  1 andrey andrey  113K 2022-09-15 10:47:24.913393090 +0300 01.png
-rw-rw-r--  1 andrey andrey  103K 2022-09-15 10:47:42.421705712 +0300 02.png
-rw-rw-r--  1 andrey andrey  589K 2021-10-04 20:39:38.383165547 +0300 09.png
-rw-rw-r--  1 andrey andrey   77K 2021-01-09 12:25:37.264833476 +0300 0.jpeg
-rw-rw-r--  1 andrey andrey   20K 2022-09-22 19:56:56.428679270 +0300 0.jpg
-rw-rw-r--  1 andrey andrey   18K 2022-05-13 18:59:45.066937503 +0300 0play.png
-rw-rw-r--  1 andrey andrey   13K 2022-10-10 12:55:25.999997299 +0300 0.png
-rw-r--r--  1 andrey andrey  1,6M 2022-05-23 18:23:44.000000000 +0300 0testdata.log
-rw-rw-r--  1 andrey andrey   95K 2021-07-14 08:58:56.322033000 +0300 0Thank.mp3
-rw-rw-r--  1 andrey andrey  2,1K 2022-05-19 12:29:05.919180439 +0300 0TZ.txt
-rw-rw-r--  1 andrey andrey   153 2022-05-25 12:42:10.285207047 +0300 1
-rw-rw-rw-  1 andrey andrey  2,9K 2022-10-09 17:13:28.537521145 +0300 123.html
-rw-rw-r--  1 andrey andrey  323K 2022-09-08 12:03:52.725498688 +0300 20b1abe16b8ea576dd38cf9688ee6aae.pdf
-rw-rw-r--  1 andrey andrey   15K 2022-09-05 20:28:17.808462208 +0300 22ГД-9-1 группа.xlsx
-rw-rw-r--  1 andrey andrey  6,1K 2022-10-03 11:42:21.095777748 +0300 24.09-03.10.xlsx
-rw-rw-r--  1 andrey andrey  6,0K 2022-09-28 19:33:26.408915470 +0300 24-28.09..xlsx
-rw-rw-r--  1 andrey andrey  320K 2022-09-01 15:58:29.064236512 +0300 360f0d3d808b6e98b72c8e54dac467f8.pdf
-rw-rw-r--  1 andrey andrey  1,3K 2022-09-03 09:20:33.512579924 +0300 3sep.png
drwxrwxr-x  3 andrey andrey  4,0K 2022-02-28 21:38:51.906132317 +0300 .3T
-rw-rw-r--  1 andrey andrey  366K 2022-08-31 15:39:11.851807209 +0300 42675_1625081052_Страховой_Полис.pdf
-rw-rw-r--  1 andrey andrey  268K 2022-08-31 15:37:43.838249789 +0300 42677_1625081056_Страховой_Полис.pdf
-rw-rw-r--  1 andrey andrey  175K 2022-09-01 15:12:41.036605982 +0300 5e6691ab1263113e07824645207bc395.pdf
-rw-rw-r--  1 andrey andrey  188K 2022-06-28 18:16:59.270613829 +0300 608.png
-rw-rw-r--  1 andrey andrey  318K 2022-08-31 17:16:22.384585080 +0300 7161ae18030ce04282fb96e7856a7de4.pdf
-rw-rw-r--  1 andrey andrey   93K 2022-08-19 10:58:51.783110907 +0300 78d2ce4b685e8046989d54e365da14e6833ba0d9.png
-rw-rw-r--  1 andrey andrey  520K 2022-09-01 12:24:49.533104649 +0300 8b7496f44430781bbde7870c442e8834.pdf
-rw-rw-r--  1 andrey andrey  334K 2022-05-05 15:48:10.319307843 +0300 A431DACC-B2EB-46C7-9AA0-6216DF9C9A48.png
-rw-rw-r--  1 andrey andrey   29K 2022-05-25 19:41:20.855991418 +0300 admin_v_2_4.png
-rw-rw-r--  1 andrey andrey   53K 2022-05-26 21:25:34.261613465 +0300 admin_v_2_5.png
drwx------  3 andrey andrey  4,0K 2021-07-24 14:39:52.313283078 +0300 .adobe
-rw-rw-r--  1 andrey andrey  187K 2022-10-12 10:33:55.369493898 +0300 amplitude_users.csv
drwxrwxr-x  2 andrey andrey  4,0K 2022-07-07 12:55:11.265826278 +0300 .android
drwxrwxr-x  3 andrey andrey  4,0K 2022-07-07 12:56:30.780690843 +0300 Android
-rw-rw-r--  1 andrey andrey  2,4K 2022-06-07 13:56:21.110496983 +0300 anket.json
-rw-rw-r--  1 andrey andrey   105 2022-07-25 14:23:23.050196780 +0300 .apport-ignore.xml
-rw-rw-r--  1 andrey andrey  886K 2022-09-06 08:59:27.872725493 +0300 archive_0263289510.zip
-rw-rw-r--  1 andrey andrey  1,9K 2022-09-03 09:31:20.968615303 +0300 archive_212074287.zip
-rw-rw-r--  1 andrey andrey   13K 2022-07-17 14:33:39.187541752 +0300 backup.in.html.txt
-rw-rw-r--  1 andrey andrey  4,2K 2022-07-17 14:30:43.753423528 +0300 backup.txt
-rw-------  1 andrey andrey   89K 2022-10-16 13:50:12.071071056 +0300 .bash_history
-rw-r--r--  1 andrey andrey   220 2021-07-24 11:02:33.784561642 +0300 .bash_logout
-rw-r--r--  1 andrey andrey  3,9K 2022-04-12 19:14:48.551828514 +0300 .bashrc
-rw-rw-r--  1 andrey andrey   282 2022-06-16 22:00:55.388224155 +0300 btnLeft.png
-rw-rw-r--  1 andrey andrey  313K 2022-02-18 13:09:36.399947996 +0300 buy_policy.png
drwxrwxr-x 45 andrey andrey  4,0K 2022-10-16 16:06:38.948000251 +0300 .cache
-rw-rw-r--  1 andrey andrey   36K 2022-10-03 14:41:25.576208588 +0300 calculations.png
-rw-rw-r--  1 andrey andrey   61K 2022-07-22 11:00:46.629021411 +0300 Car has been deleted.png
drwxr-xr-x  3 andrey andrey  4,0K 2022-04-21 12:49:19.438469919 +0300 .cert
-rw-rw-r--  1 andrey andrey  145K 2022-06-22 12:20:24.076749731 +0300 commandOrKibana.png
drwxr-xr-x 63 andrey andrey  4,0K 2022-10-16 19:56:51.231620525 +0300 .config
-rw-rw-r--  1 andrey andrey  141K 2022-07-07 16:08:32.798571887 +0300 control-cohort-payment.png
-rw-rw-r--  1 andrey andrey  180K 2022-02-28 11:05:47.277110853 +0300 currentEmailState.png
-rw-rw-r--  1 andrey andrey  941K 2022-08-29 14:21:50.704098388 +0300 dataDuplicateOffers.csv
drwx------  3 root   root    4,0K 2021-07-24 14:31:49.961698861 +0300 .dbus
-rw-rw-r--  1 andrey mail     313 2022-10-14 17:55:18.101377916 +0300 dead.letter
-rw-r--r--  1 andrey andrey    26 2021-08-15 10:32:26.773724014 +0300 .dmrc
drwxrwxr-x  2 andrey andrey  4,0K 2022-10-12 18:55:10.673207867 +0300 Downloads
-rw-rw-r--  1 andrey andrey   27K 2022-02-26 12:40:59.059865296 +0300 dto-code-generator.jpg
-rw-rw-r--  1 andrey andrey  127K 2022-02-26 12:28:21.253215517 +0300 dto-code-generator.png
-rw-rw-r--  1 andrey andrey  305K 2022-05-04 13:50:42.028317150 +0300 EFCAE41B-0173-448E-813E-F5BE8D1D24E2.png
-rw-rw-r--  1 andrey andrey  1,8K 2022-02-23 21:12:31.106733459 +0300 example1.json
-rw-rw-r--  1 andrey andrey  2,6K 2022-02-23 21:13:05.347361832 +0300 example2.json
-rw-rw-r--  1 andrey andrey   43K 2022-01-28 09:36:09.975093081 +0300 example.png
-rw-rw-r--  1 andrey andrey   64M 2022-03-29 15:50:15.958284160 +0300 experiment_off.log
-rwxrwxrwx  1 andrey andrey   372 2022-09-23 19:29:43.192375000 +0300 explorer_cm_normalize.reg.zip
-rw-rw-r--  1 andrey andrey  141K 2022-08-02 19:28:19.176725758 +0300 Firstnsapp.png
-rw-rw-r--  1 andrey andrey   20M 2020-11-11 09:47:10.762755088 +0300 flipcat_dbp4.sql.tar.gz
-rw-rw-r--  1 andrey andrey  319K 2022-02-18 13:09:15.483445892 +0300 funnel_return_1.png
-rw-rw-r--  1 andrey andrey  314K 2022-02-18 13:08:59.355058643 +0300 funnel_return_2.png
drwx------  2 andrey andrey  4,0K 2022-01-13 12:44:57.917964698 +0300 .gconf
drwxr-xr-x 24 andrey andrey  4,0K 2022-10-15 20:48:44.150577584 +0300 .gimp-2.8
-rw-rw-r--  1 andrey andrey   247 2021-07-26 15:22:44.191007944 +0300 .gitconfig
drwx------  3 andrey andrey  4,0K 2021-11-21 21:21:22.089206842 +0300 .gnupg
drwxrwxr-x  2 andrey andrey  4,0K 2021-08-17 11:01:34.813671835 +0300 .gphoto
drwx------  2 root   root    4,0K 2021-07-24 14:47:36.801541866 +0300 .gvfs
drwxr--r--  2 andrey andrey  4,0K 2021-11-24 11:20:11.614128841 +0300 .hardinfo
drwxrwxr-x 17 andrey andrey  4,0K 2022-10-09 17:40:56.425483437 +0300 hdata
-rw-rw-r--  1 andrey andrey  245K 2022-06-22 17:47:33.791099194 +0300 hello.png
-rw-rw-r--  1 andrey andrey  6,0K 2022-05-26 15:52:45.223997803 +0300 hello.txt
-rw-rw-r--  1 andrey andrey  336K 2022-06-15 18:24:52.060148848 +0300 how_view_error_in_kibana.png
drwxr-xr-x 16 andrey andrey  4,0K 2022-10-10 13:33:33.778036873 +0300 .i2p
drwxrwxr-x 14 andrey andrey  4,0K 2022-10-08 13:31:31.914130679 +0300 ..i2p
-rw-------  1 andrey andrey  1,7K 2022-10-16 16:06:38.064000235 +0300 .ICEauthority
drwxrwxrwx  7 andrey andrey  4,0K 2022-05-30 11:03:56.396770808 +0300 iersa
-rw-rw-r--  1 andrey andrey  355K 2022-06-22 13:58:34.052184634 +0300 IN_CLOUD.png
-rw-rw-r--  1 andrey andrey     0 2022-04-14 16:46:39.545302517 +0300 index.html
-rw-rw-r--  1 andrey andrey   64M 2021-01-17 11:43:03.950820730 +0300 Install_Flash_MX_2004.exe
-rw-rw-r--  1 andrey andrey   15M 2022-06-20 11:59:17.704588000 +0300 ip_log.tar.gz
-rw-r--r--  1 andrey andrey   996 2022-01-05 15:47:14.613372115 +0300 .isomaster
-rw-rw-r--  1 andrey andrey  290K 2022-03-30 13:22:55.375105359 +0300 it-was-lyorsha.png
drwxrwxr-x  4 andrey andrey  4,0K 2021-07-24 15:10:35.975607273 +0300 .java
drwx------ 11 andrey andrey  4,0K 2022-01-14 09:19:32.196942068 +0300 joxi
drwxrwxr-x  3 andrey andrey  4,0K 2022-06-21 10:16:57.571881158 +0300 .joxi
-rw-rw-r--  1 andrey andrey  164K 2022-04-17 12:30:01.098232926 +0300 lastGuest.png
-rw-------  1 andrey andrey    28 2022-10-15 10:49:40.770406525 +0300 .lesshst
-rw-rw-rw-  1 andrey andrey   25K 2021-12-15 12:12:56.558644895 +0300 list.json
drwxr-xr-x  3 andrey andrey  4,0K 2021-07-24 11:12:58.748592397 +0300 .local
-rw-rw-rw-  1 andrey andrey  1,3K 2022-09-27 20:17:43.375146023 +0300 log.log
-rw-rw-rw-  1 andrey andrey   13K 2021-12-23 18:21:04.843903717 +0300 logusers.log
-rw-rw-rw-  1 andrey andrey   12K 2021-12-23 00:47:23.565512898 +0300 logusersp.log
drwx------  3 andrey andrey  4,0K 2021-07-24 14:39:52.321283875 +0300 .macromedia
-rw-rw-r--  1 andrey andrey   42K 2022-03-23 12:02:48.598739157 +0300 marks.log
-rw-rw-rw-  1 andrey andrey   69M 2022-03-29 17:08:46.081144121 +0300 master.log
drwx------ 10 andrey andrey  4,0K 2021-11-21 13:02:09.587164257 +0300 .mednafen
-rw-rw-r--  1 andrey andrey   43K 2022-03-05 09:16:21.873296990 +0300 microsoft_off.png
-rw-rw-rw-  1 andrey andrey   104 2022-03-23 11:32:00.727607628 +0300 models_gw.json
-rw-rw-rw-  1 andrey andrey  3,1K 2022-03-23 11:26:13.879475593 +0300 models_gw.log
-rw-rw-rw-  1 andrey andrey    92 2022-03-23 11:11:25.661040976 +0300 models_kia.json
-rw-rw-rw-  1 andrey andrey  7,6K 2022-03-23 11:07:43.154479054 +0300 models.log
-rw-rw-r--  1 andrey andrey  471K 2022-10-05 09:33:31.002577568 +0300 module-partner-display-link.png
drwx------  5 andrey andrey  4,0K 2020-02-03 23:21:38.000000000 +0300 .mozilla
drwxrwxr-x  2 andrey andrey  4,0K 2021-07-24 15:08:37.459302487 +0300 .mplayer
-rw-rw-r--  1 andrey andrey   48K 2022-09-03 09:34:19.972371298 +0300 M-SH.jpeg
-rw-rw-r--  1 andrey andrey    20 2021-11-04 18:07:03.285995499 +0300 .mtoolsrc
-rw-rw-r--  1 andrey andrey    26 2022-06-06 09:04:01.469026347 +0300 my.auth.txt.back
drwx------  3 andrey andrey  4,0K 2021-07-24 18:16:06.212557971 +0300 .mysql
drwxr-xr-x  6 andrey andrey  4,0K 2022-01-25 12:57:31.215405629 +0300 .nestopia
-rw-rw-r--  1 andrey andrey  3,6K 2022-09-08 12:55:36.886401943 +0300 New_Query_2022_09_08.csv
drwxrwxr-x  2 andrey andrey  4,0K 2021-12-05 21:27:01.077212107 +0300 .ngrok
drwxrwxr-x  3 andrey andrey  4,0K 2022-03-21 20:23:12.783273408 +0300 .node-gyp
-rw-------  1 andrey andrey     0 2022-03-21 19:50:13.462623474 +0300 .node_repl_history
-rw-rw-r--  1 andrey andrey   14K 2022-03-21 19:00:57.436427205 +0300 nodesource_setup.sh
-rw-rw-r--  1 andrey andrey  290K 2022-06-22 14:20:08.293454632 +0300 noLogs.png
-rw-rw-r--  1 andrey andrey  126K 2022-07-07 15:56:47.212307000 +0300 NOT_IN_EXPERIMENT.png
drwxr-xr-x 14 andrey andrey  4,0K 2022-03-21 20:19:42.640739434 +0300 .npm
-rw-rw-r--  1 andrey andrey   89K 2021-11-29 20:56:52.760412143 +0300 offers1.png
-rw-rw-r--  1 andrey andrey   55K 2021-11-29 21:00:59.007918859 +0300 offers1.svg
-rw-rw-r--  1 andrey andrey   91K 2021-11-29 21:01:38.350545955 +0300 offers2.svg
-rw-rw-r--  1 andrey andrey  192K 2022-09-05 20:41:48.437619351 +0300 offerta.pdf
drwxrwxr-x  3 andrey andrey  4,0K 2022-10-09 18:20:24.483872828 +0300 one
-rw-rw-r--  1 andrey andrey   35K 2022-03-24 16:44:49.629714961 +0300 openapi: 3.0.0.yml
-rw-rw-r--  1 andrey andrey   22K 2022-06-27 17:07:49.457708681 +0300 out.log
-rw-rw-r--  1 andrey andrey   75K 2022-08-02 14:36:38.217072248 +0300 partnerTypeOffer.png
-rw-rw-r--  1 andrey andrey   82K 2022-08-02 14:33:51.101560094 +0300 partnerTypePolicy.png
drwxrwx---  8 andrey andrey  4,0K 2021-11-21 12:51:10.485686932 +0300 .pcsxr
-rw-rw-r--  1 andrey andrey  2,9M 2020-10-21 13:05:06.673938602 +0300 pdfedit-0.4.5.tar.bz2
-rw-rw-r--  1 andrey andrey   323 2021-01-17 11:41:32.266484390 +0300 person.txt.gpg
-rw-rw-r--  1 andrey andrey   14K 2020-03-11 11:05:40.345166620 +0300 pgadmin.log
drwxrwxr-x  3 andrey andrey  4,0K 2021-07-24 15:11:05.191682412 +0300 PhpstormProjects
-rwxrwxrwx  1 andrey andrey  2,9M 2016-09-15 10:51:29.000000000 +0300 phpunit-5.5.4.phar
drwx------  3 andrey andrey  4,0K 2021-07-24 15:23:04.545532456 +0300 .pki
-rw-r--r--  1 root   root    1,0M 2022-01-05 16:11:16.476093812 +0300 plobUSB.img
-rw-rw-r--  1 andrey andrey  544K 2015-02-02 17:21:03.000000000 +0300 plpbt.iso
-rw-rw-r--  1 andrey andrey  539K 2022-09-07 10:16:17.756592422 +0300 policy_0261648859.pdf
-rw-rw-r--  1 andrey andrey  325K 2022-09-03 14:32:39.006700943 +0300 policy_0262621836.pdf
-rw-rw-r--  1 andrey andrey  2,6M 2022-09-06 08:59:31.520731588 +0300 policy_0263289510.pdf
-rw-rw-r--  1 andrey andrey  183K 2022-08-27 10:18:57.436002730 +0300 PolicyRequestController.php
-rw-rw-r--  1 andrey andrey  154K 2022-10-03 14:42:38.281353289 +0300 precalc.png
-rw-r--r--  1 andrey andrey   807 2021-07-24 11:02:33.784561642 +0300 .profile
-rw-rw-r--  1 andrey andrey  344K 2022-02-18 13:08:46.022738472 +0300 prolongation_insurance_company_offer.png
-rw-rw-r--  1 andrey andrey  335K 2022-02-18 14:45:25.867658937 +0300 prolongation.png
-rw-rw-r--  1 andrey andrey  348K 2022-02-18 13:08:34.194454379 +0300 prolongation_with_number.png
drwxrwxr-x  3 andrey andrey  4,0K 2022-08-17 09:39:09.091677443 +0300 .putty
-rw-rw-r--  1 andrey andrey   18K 2021-11-04 08:13:54.197165711 +0300 putty_ssh.tar.gz
-rw-rw-r--  1 andrey andrey   498 2021-10-19 14:52:29.496817579 +0300 qr_code-perepis.png
-rw-rw-r--  1 andrey andrey   169 2022-05-19 13:34:52.541400121 +0300 questionToSravniRu.txt
-rw-rw-r--  1 andrey andrey  1,2K 2020-02-11 09:28:36.078938409 +0300 quick_sort1.php
-rw-rw-r--  1 andrey andrey   742 2020-02-11 10:20:47.342979264 +0300 quick_sort2020.php
-rw-rw-r--  1 andrey andrey   614 2020-02-11 09:24:08.328211691 +0300 quicksort.php
-rw-rw-r--  1 andrey andrey   22K 2022-07-17 16:19:51.613028617 +0300 readme.docx
-rw-rw-r--  1 andrey andrey  330K 2022-02-18 14:46:29.029074169 +0300 ready_policy_rsa.png
-rw-------  1 andrey andrey    47 2021-08-16 19:14:50.398305556 +0300 .rediscli_history
-rw-rw-r--  1 andrey andrey  2,5K 2022-06-08 19:05:14.178183826 +0300 replika.txt
-rw-rw-r--  1 andrey andrey  8,6K 2022-06-20 12:04:21.432733650 +0300 report.php.ods
-rw-rw-r--  1 andrey andrey  2,3K 2021-11-10 11:30:54.648356717 +0300 request.json
-rw-rw-r--  1 andrey andrey  323K 2021-12-08 11:21:09.052276602 +0300 request.png
-rw-rw-r--  1 andrey andrey  2,4K 2022-04-24 11:10:49.685148516 +0300 resume.2020.txt
-rw-rw-r--  1 andrey andrey   32K 2022-04-01 17:55:25.540841196 +0300 SC20220401-175011.png
drwxrwxr-x  2 andrey andrey  4,0K 2022-08-29 09:57:51.103917425 +0300 screenshots
-rw-rw-r--  1 andrey andrey  158K 2022-04-01 18:48:01.461566968 +0300 scrn20220401161303.png
-rw-rw-r--  1 andrey andrey  3,6M 2020-12-20 12:06:00.031772200 +0300 sega.7z
-rw-rw-r--  1 andrey andrey   984 2022-09-08 11:29:34.842855172 +0300 select.sql
-rw-rw-r--  1 andrey andrey  2,2K 2022-07-21 13:07:34.923063837 +0300 sell_load.sql
-rw-rw-r--  1 andrey andrey  112K 2022-07-20 11:11:02.908860551 +0300 series-and-number.png
-rw-rw-r--  1 andrey andrey  309K 2020-03-18 18:04:08.618136443 +0300 simptoms.jpg
drwx------  5 andrey andrey  4,0K 2022-10-15 12:48:46.320186520 +0300 snap
-rw-rw-r--  1 andrey andrey   515 2022-07-04 12:40:22.886690150 +0300 sravhiru_files_data.json
-rw-rw-r--  1 andrey andrey   441 2022-07-04 12:36:25.859303861 +0300 sravhiru_history.json
-rw-rw-rw-  1 andrey andrey   242 2022-03-23 11:02:05.362539322 +0300 sr_marks.json
drwxrwxr-x  2 andrey andrey  4,0K 2021-07-24 18:01:37.171436332 +0300 .ssh
-rw-rw-r--  1 andrey andrey  143K 2022-09-08 14:18:41.081027293 +0300 strval_required.png
-rw-rw-r--  1 andrey andrey   992 2022-09-12 12:18:25.952346463 +0300 subscribe.sql
-rw-rw-r--  1 andrey andrey   41K 2021-12-17 13:02:26.496604544 +0300 success.png
-rw-r--r--  1 andrey andrey     0 2021-07-24 14:06:39.721052370 +0300 .sudo_as_admin_successful
-rw-rw-r--  1 andrey andrey  389K 2021-01-13 10:47:59.072290626 +0300 Symfony.7z
-rw-rw-r--  1 andrey andrey   15K 2022-04-17 10:35:41.603175718 +0300 SymResume.txt
-rw-rw-r--  1 andrey andrey   69K 2022-05-04 23:06:04.438915813 +0300 tAdmin2.3.png
-rw-rw-r--  1 andrey andrey   41K 2022-05-04 23:08:03.601424639 +0300 tAdmin2.3-s2.png
-rw-rw-r--  1 andrey andrey  3,4K 2022-05-24 20:32:11.670264075 +0300 temp.php
-rw-rw-r--  1 andrey andrey  135K 2022-07-07 15:58:04.229474000 +0300 test_cohort_payment.png
-rw-rw-r--  1 andrey andrey  2,7K 2020-08-25 18:35:53.459072884 +0300 test.mid
drwxrwxr-x  3 andrey andrey  4,0K 2021-07-24 14:39:44.908611079 +0300 .thumbnails
drwx------  6 andrey andrey  4,0K 2021-09-12 17:49:56.348470906 +0300 .thunderbird
-rw-rw-r--  1 andrey andrey  121K 2022-05-26 14:30:05.532525101 +0300 time_parsing.png
drwxrwxrwx  7 andrey andrey   12K 2022-10-13 17:31:37.973937524 +0300 tmp
-rw-rw-r--  1 andrey andrey   293 2022-07-08 10:52:48.382896603 +0300 tmp.txt
-rwxrwxrwx  1 andrey andrey     0 2022-04-24 11:08:49.210920886 +0300 today.txt
-rw-rw-r--  1 andrey andrey  191K 2022-04-18 16:01:15.883145614 +0300 unsortedNulls.png
-rw-rw-r--  1 andrey andrey  6,9K 2022-09-08 12:18:17.693172868 +0300 users_without-house.xlsx
-rw-rw-r--  1 andrey andrey  2,5K 2022-05-26 17:05:40.017282143 +0300 validCaptchaFalse-SeconAttempt.html
-rw-------  1 root   root    1,3K 2021-07-24 16:40:12.463343077 +0300 .viminfo
drwxrwxr-x  8 andrey andrey  4,0K 2022-08-04 15:40:53.703253102 +0300 VirtualBox VMs
-rw-rw-r--  1 andrey andrey   12M 2020-12-27 17:59:42.300719952 +0300 v_lapah_cyberoper.mp3
-rw-rw-r--  1 andrey andrey   15M 2020-12-27 17:55:09.640156973 +0300 v_lapah_vk-27-12-2020.mp3
drwxrwxr-x  2 andrey andrey  4,0K 2022-09-21 16:02:49.303535795 +0300 voenniy
drwxrwxr-x  3 andrey andrey  4,0K 2021-07-24 15:23:00.645522426 +0300 .vscode
-rw-rw-r--  1 andrey andrey  1,6K 2022-02-08 10:38:39.456181507 +0300 w64-1.jpg
-rw-rw-r--  1 andrey andrey  5,5K 2022-02-08 10:38:29.343897043 +0300 w64-1.png
-rw-rw-r--  1 andrey andrey  1,9K 2022-02-08 10:39:38.881573273 +0300 w-64-2.jpg
-rw-rw-r--  1 andrey andrey  7,5M 2020-02-26 16:02:35.758108991 +0300 Werewars-Fight.swf
-rw-rw-r--  1 andrey andrey   249 2022-07-15 19:24:59.115399498 +0300 .wget-hsts
-rw-rw-r--  1 andrey andrey   21K 2022-04-27 13:40:03.567476384 +0300 widgetList.json
-rw-rw-r--  1 andrey andrey  8,3K 2022-03-18 13:40:40.202341075 +0300 WinAPI.jpg
drwxrwxr-x  4 andrey andrey  4,0K 2022-10-15 14:45:08.745943925 +0300 .wine
drwxrwxr-x  2 andrey andrey  4,0K 2022-08-30 13:39:10.120166552 +0300 .wings3d
-rw-rw-r--  1 andrey andrey  4,7K 2022-02-08 11:06:25.505695621 +0300 win-xp-big.jpg
-rw-rw-r--  1 andrey andrey   34K 2022-02-08 11:06:16.361510566 +0300 win-xp-big.png
-rw-------  1 andrey andrey    55 2022-10-16 16:06:37.644000228 +0300 .Xauthority
-rw-r--r--  1 andrey andrey  1,6K 2021-07-24 11:02:33.784561642 +0300 .Xdefaults
-rw-r--r--  1 andrey andrey    14 2021-07-24 11:02:33.784561642 +0300 .xscreensaver
-rw-------  1 andrey andrey 1003K 2022-10-16 20:27:00.907349622 +0300 .xsession-errors
-rw-------  1 andrey andrey  2,9M 2022-10-16 13:50:32.856099145 +0300 .xsession-errors.old
-rw-rw-r--  1 andrey andrey  1,4K 2022-04-28 09:36:24.651795962 +0300 ya.jpeg
drwx------  7 andrey andrey  4,0K 2022-09-15 12:33:46.679811236 +0300 .zoom
drwxr-xr-x  3 andrey andrey   20K 2022-10-15 18:01:53.475124837 +0300 Видео
drwxr-xr-x  2 andrey andrey  4,0K 2022-06-13 19:19:33.005051896 +0300 Документы
drwxr-xr-x  8 andrey andrey   20K 2022-10-15 20:36:32.388031886 +0300 Загрузки
drwxr-xr-x  2 andrey andrey  4,0K 2021-07-24 11:12:58.664592395 +0300 Изображения
drwxr-xr-x  2 andrey andrey  4,0K 2021-07-24 11:12:58.664592395 +0300 Музыка
drwxr-xr-x  2 andrey andrey  4,0K 2021-07-24 11:12:58.664592395 +0300 Общедоступные
drwxrwxr-x  2 andrey andrey  4,0K 2022-09-12 10:44:48.365283097 +0300 Рабочий стол
-rw-rw-r--  1 andrey andrey  6,6M 2022-06-05 15:41:20.066605490 +0300 смородина.png
drwxr-xr-x  2 andrey andrey  4,0K 2022-07-22 17:35:10.936005075 +0300 Шаблоны
-rw-rw-r--  1 andrey andrey   20K 2021-10-23 23:24:06.000000000 +0300 Электронный полис ОСАГО.html
EOF /home/andrey
